TN:
SF:src/hooks/useCounter.ts
FN:11,getTargetValue
FN:23,useCounter
FN:33,setValue
FN:43,inc
FN:47,dec
FN:51,set
FN:55,reset
FNF:7
FNH:7
FNDA:29,getTargetValue
FNDA:27,useCounter
FNDA:15,setValue
FNDA:7,inc
FNDA:3,dec
FNDA:2,set
FNDA:3,reset
DA:1,1
DA:2,1
DA:3,1
DA:4,1
DA:5,1
DA:6,1
DA:7,1
DA:8,1
DA:9,1
DA:10,1
DA:11,29
DA:12,29
DA:13,29
DA:14,29
DA:15,1
DA:16,1
DA:17,29
DA:18,1
DA:19,1
DA:20,29
DA:21,29
DA:22,1
DA:23,27
DA:24,27
DA:25,27
DA:26,27
DA:27,14
DA:28,14
DA:29,14
DA:30,14
DA:31,27
DA:32,27
DA:33,27
DA:34,15
DA:35,15
DA:36,15
DA:37,15
DA:38,15
DA:39,15
DA:40,15
DA:41,27
DA:42,27
DA:43,27
DA:44,7
DA:45,27
DA:46,27
DA:47,27
DA:48,3
DA:49,27
DA:50,27
DA:51,27
DA:52,2
DA:53,27
DA:54,27
DA:55,27
DA:56,3
DA:57,27
DA:58,27
DA:59,27
DA:60,27
DA:61,27
DA:62,27
DA:63,27
DA:64,27
DA:65,27
DA:66,27
DA:67,27
DA:68,27
DA:69,1
DA:70,1
LF:70
LH:70
BRDA:11,0,0,29
BRDA:14,1,0,1
BRDA:17,2,0,1
BRDA:23,3,0,27
BRDA:26,4,0,14
BRDA:33,5,0,15
BRDA:34,6,0,15
BRDA:35,7,0,5
BRDA:35,8,0,10
BRDA:43,9,0,7
BRDA:44,10,0,7
BRDA:47,11,0,3
BRDA:48,12,0,3
BRDA:51,13,0,2
BRDA:55,14,0,3
BRF:15
BRH:15
end_of_record
TN:
SF:src/hooks/useQuery.ts
FN:6,useQuery
FNF:1
FNH:1
FNDA:2,useQuery
DA:1,1
DA:2,1
DA:3,1
DA:4,1
DA:5,1
DA:6,1
DA:7,2
DA:8,2
DA:9,2
DA:10,2
DA:11,1
DA:12,1
LF:12
LH:12
BRDA:6,0,0,2
BRDA:9,1,0,2
BRF:2
BRH:2
end_of_record
TN:
SF:tests/mockServer/handlers.ts
FNF:0
FNH:0
DA:1,1
DA:2,1
DA:3,1
DA:4,1
DA:5,0
DA:6,0
DA:7,0
DA:8,0
DA:9,0
DA:10,0
DA:11,1
DA:12,1
DA:13,1
DA:14,1
LF:14
LH:8
BRF:0
BRH:0
end_of_record
TN:
SF:tests/mockServer/server.ts
FNF:0
FNH:0
DA:1,1
DA:2,1
DA:3,1
DA:4,1
DA:5,1
DA:6,1
LF:6
LH:6
BRF:0
BRH:0
end_of_record
